----------------------------------------
Waiting for connection...
----------------------------------------
----------------------------------------
Waiting for connection...
----------------------------------------
Waiting for connection...----------------------------------------
Waiting for connection...Waiting for connection...


----------------------------------------
----------------------------------------
Waiting for connection...
----------------------------------------
Waiting for connection...
----------------------------------------
Waiting for connection...Waiting for connection...
----------------------------------------

Waiting for connection...
Client requested: /index
----------------------------------------
----------------------------------------
Waiting for connection...
Client requested: /css/main.css
Client requested: ----------------------------------------
/js/main.js----------------------------------------

Waiting for connection...
Client requested: /img/banner.png----------------------------------------

----------------------------------------
Client requested: Client requested: Waiting for connection...Client requested: /img/category_kitchen.png/img/favicon.ico/img/category_bedroom.png

Client requested: 
/img/category_livingroom.png

----------------------------------------
----------------------------------------
----------------------------------------
----------------------------------------
----------------------------------------
----------------------------------------
Waiting for connection...Waiting for connection...
Waiting for connection...

----------------------------------------
----------------------------------------
Waiting for connection...
----------------------------------------
----------------------------------------
Waiting for connection...
Waiting for connection...
----------------------------------------
Waiting for connection...
----------------------------------------
----------------------------------------
Waiting for connection...
Waiting for connection...
----------------------------------------
----------------------------------------
Waiting for connection...
----------------------------------------
----------------------------------------
Waiting for connection...
----------------------------------------
Waiting for connection...Waiting for connection...

----------------------------------------
Waiting for connection...
Client requested: /index
----------------------------------------
----------------------------------------
Waiting for connection...
Client requested: /css/main.css
----------------------------------------
----------------------------------------
Waiting for connection...
Client requested: /js/main.js
----------------------------------------
----------------------------------------
Waiting for connection...
Client requested: /img/category_bedroom.png
Client requested: Client requested: Client requested: Client requested: /img/favicon.ico/img/banner.png/img/category_livingroom.png----------------------------------------
/img/category_kitchen.png----------------------------------------

Waiting for connection...



----------------------------------------
----------------------------------------
Waiting for connection...----------------------------------------

----------------------------------------
Waiting for connection...
----------------------------------------
----------------------------------------
Waiting for connection...
----------------------------------------
----------------------------------------
Waiting for connection...
Waiting for connection...
----------------------------------------
----------------------------------------
----------------------------------------
----------------------------------------
Waiting for connection...Waiting for connection...
Waiting for connection...

Waiting for connection...
----------------------------------------
----------------------------------------
Waiting for connection...
----------------------------------------
Waiting for connection...
----------------------------------------
Waiting for connection...
----------------------------------------
----------------------------------------
Waiting for connection...
Waiting for connection...
----------------------------------------
Waiting for connection...
Client requested: /index
----------------------------------------
----------------------------------------
Waiting for connection...
Client requested: /css/main.css
----------------------------------------
----------------------------------------
Waiting for connection...
Client requested: /js/main.js
----------------------------------------
----------------------------------------
Waiting for connection...
Client requested: /img/category_bedroom.png
Client requested: Client requested: Client requested: /img/category_kitchen.png
/img/banner.png/img/category_livingroom.png
Client requested: 
/img/favicon.ico----------------------------------------

----------------------------------------
Waiting for connection...
----------------------------------------
----------------------------------------
----------------------------------------
----------------------------------------
----------------------------------------
----------------------------------------
Waiting for connection...Waiting for connection...

Waiting for connection...
----------------------------------------
----------------------------------------
Waiting for connection...
Client requested: /index
----------------------------------------
----------------------------------------
Waiting for connection...
Client requested: /css/main.css
Client requested: /js/main.js
----------------------------------------
----------------------------------------
Waiting for connection...
----------------------------------------
----------------------------------------
Waiting for connection...
Client requested: Client requested: Client requested: Client requested: /img/favicon.icoClient requested: /img/banner.png/img/category_kitchen.png
/img/category_livingroom.png

/img/category_bedroom.png

----------------------------------------
----------------------------------------
Waiting for connection...
----------------------------------------
----------------------------------------
----------------------------------------
----------------------------------------
Waiting for connection...Waiting for connection...

----------------------------------------
----------------------------------------
Waiting for connection...
----------------------------------------
----------------------------------------
Waiting for connection...
Waiting for connection...
----------------------------------------
----------------------------------------
----------------------------------------
Waiting for connection...Waiting for connection...
Waiting for connection...

----------------------------------------
----------------------------------------
Waiting for connection...
----------------------------------------
Waiting for connection...
----------------------------------------
----------------------------------------
Waiting for connection...
Waiting for connection...
----------------------------------------
Waiting for connection...
----------------------------------------
Waiting for connection...
----------------------------------------
Waiting for connection...
----------------------------------------
----------------------------------------
----------------------------------------
----------------------------------------
Waiting for connection...
Waiting for connection...Waiting for connection...

Waiting for connection...
----------------------------------------
Waiting for connection...
----------------------------------------
----------------------------------------
Waiting for connection...
Waiting for connection...
----------------------------------------
Waiting for connection...
----------------------------------------
Waiting for connection...
----------------------------------------
Waiting for connection...
----------------------------------------
----------------------------------------
Waiting for connection...
Waiting for connection...
----------------------------------------
----------------------------------------
Waiting for connection...Waiting for connection...

----------------------------------------
Waiting for connection...
----------------------------------------
----------------------------------------
Waiting for connection...Waiting for connection...

----------------------------------------
Waiting for connection...
----------------------------------------
Waiting for connection...
----------------------------------------
Waiting for connection...
----------------------------------------
----------------------------------------
----------------------------------------
----------------------------------------
Waiting for connection...Waiting for connection...Waiting for connection...

Waiting for connection...

----------------------------------------
Waiting for connection...
----------------------------------------
----------------------------------------
Waiting for connection...Waiting for connection...

----------------------------------------
Waiting for connection...
----------------------------------------
Waiting for connection...
----------------------------------------
Waiting for connection...
-------
----------------------------------------
Waiting for connection...
Client requested: /img/favicon.ico
Client requested: Client requested: /img/banner.png/img/category_livingroom.png

Client requested: /img/category_bedroom.png
----------------------------------------
----------------------------------------
Waiting for connection...----------------------------------------

----------------------------------------
Waiting for connection...
----------------------------------------
----------------------------------------
Waiting for connection...
----------------------------------------
----------------------------------------
Waiting for connection...
Client requested: /index
----------------------------------------
----------------------------------------
Waiting for connection...
Client requested: /css/main.cssClient requested: 
/js/main.js
----------------------------------------
----------------------------------------
Waiting for connection...----------------------------------------

----------------------------------------
Waiting for connection...
Client requested: Client requested: /img/category_bedroom.png
/img/category_kitchen.png
----------------------------------------
----------------------------------------
----------------------------------------
Waiting for connection...----------------------------------------

Waiting for connection...
Client requested: /img/favicon.icoClient requested: 
/img/category_livingroom.pngClient requested: 
/img/banner.png
----------------------------------------
----------------------------------------
Waiting for connection...
----------------------------------------
----------------------------------------
Waiting for connection...
----------------------------------------
----------------------------------------
Waiting for connection...
Client requested: /index
----------------------------------------
----------------------------------------
Waiting for connection...
Client requested: /css/main.css
Client requested: /js/main.js
----------------------------------------
----------------------------------------
Waiting for connection...----------------------------------------

----------------------------------------
Waiting for connection...
Client requested: /img/category_livingroom.png
Client requested: /img/category_kitchen.png
Client requested: /img/favicon.icoClient requested: 
/img/banner.png----------------------------------------

----------------------------------------
Waiting for connection...----------------------------------------
----------------------------------------

Client requested: /img/category_bedroom.pngWaiting for connection...

----------------------------------------
----------------------------------------
Waiting for connection...
----------------------------------------
----------------------------------------
Waiting for connection...
----------------------------------------
----------------------------------------
Waiting for connection...
----------------------------------------
Waiting for connection...
----------------------------------------
Waiting for connection...
----------------------------------------
----------------------------------------
Waiting for connection...----------------------------------------
Waiting for connection...Waiting for connection...


----------------------------------------
----------------------------------------
Waiting for connection...Waiting for connection...

----------------------------------------
Waiting for connection...
----------------------------------------
Waiting for connection...
----------------------------------------
Waiting for connection...
----------------------------------------
Waiting for connection...
----------------------------------------
Waiting for connection...
----------------------------------------
----------------------------------------
Waiting for connection...----------------------------------------
Waiting for connection...
Waiting for connection...

----------------------------------------
----------------------------------------
Waiting for connection...
Waiting for connection...----------------------------------------

Waiting for connection...
----------------------------------------
Waiting for connection...
----------------------------------------
Waiting for connection...
----------------------------------------
Waiting for connection...
----------------------------------------
Waiting for connection...
----------------------------------------
----------------------------------------
Waiting for connection...----------------------------------------
Waiting for connection...Waiting for connection...


----------------------------------------
----------------------------------------
Waiting for connection...----------------------------------------
Waiting for connection...

Waiting for connection...
----------------------------------------
Waiting for connection...
----------------------------------------
Waiting for connection...
----------------------------------------
Waiting for connection...
----------------------------------------
Waiting for connection...
----------------------------------------
----------------------------------------
Waiting for connection...
----------------------------------------
Waiting for connection...Waiting for connection...

----------------------------------------
----------------------------------------
Waiting for connection...
Waiting for connection...
----------------------------------------
Waiting for connection...
----------------------------------------
Waiting for connection...
----------------------------------------
Waiting for connection...
----------------------------------------
Waiting for connection...
----------------------------------------
Waiting for connection...
----------------------------------------
----------------------------------------
----------------------------------------
Waiting for connection...
Waiting for connection...Waiting for connection...

----------------------------------------
----------------------------------------
Waiting for connection...Waiting for connection...
----------------------------------------

Waiting for connection...
----------------------------------------
Waiting for connection...
----------------------------------------
Waiting for connection...
----------------------------------------
Waiting for connection...
Client requested: /index
----------------------------------------
----------------------------------------
Waiting for connection...
Client requested: /css/main.css
----------------------------------------
----------------------------------------
Waiting for connection...
Client requested: /js/main.js
----------------------------------------
----------------------------------------
Waiting for connection...
Client requested: /img/favicon.ico
Client requested: Client requested: Client requested: /img/category_livingroom.png/img/banner.png

Client requested: /img/category_bedroom.png
/img/category_kitchen.png
----------------------------------------
----------------------------------------
----------------------------------------
----------------------------------------
Waiting for connection...Waiting for connection...

----------------------------------------
----------------------------------------
----------------------------------------
----------------------------------------
Waiting for connection...Waiting for connection...

----------------------------------------
----------------------------------------
Waiting for connection...
----------------
Waiting for connection...
Client requested: /js/main.js
----------------------------------------
----------------------------------------
Waiting for connection...
Client requested: /img/favicon.ico
----------------------------------------
----------------------------------------
Waiting for connection...
Client requested: /img/banner.png
----------------------------------------
----------------------------------------
Waiting for connection...
Client requested: /index
----------------------------------------
----------------------------------------
Waiting for connection...
Client requested: /css/main.css
----------------------------------------
----------------------------------------
Waiting for connection...
Client requested: /js/main.js
----------------------------------------
----------------------------------------
Waiting for connection...
Client requested: /img/category_livingroom.png
----------------------------------------
----------------------------------------
Waiting for connection...
Client requested: /img/category_bedroom.png
----------------------------------------
----------------------------------------
Waiting for connection...
Client requested: /img/category_kitchen.png
----------------------------------------
----------------------------------------
Waiting for connection...
Client requested: /img/favicon.ico
----------------------------------------
----------------------------------------
Waiting for connection...
Client requested: /img/banner.png
----------------------------------------
----------------------------------------
Waiting for connection...
Client requested: /index
----------------------------------------
----------------------------------------
Waiting for connection...
Client requested: /css/main.css
----------------------------------------
----------------------------------------
Waiting for connection...
Client requested: /js/main.js
----------------------------------------
----------------------------------------
Waiting for connection...
Client requested: /img/category_bedroom.png
----------------------------------------
----------------------------------------
Waiting for connection...
Client requested: /img/category_livingroom.png
----------------------------------------
----------------------------------------
Waiting for connection...
Client requested: /img/category_kitchen.png
----------------------------------------
----------------------------------------
Waiting for connection...
Client requested: /img/favicon.ico
----------------------------------------
----------------------------------------
Waiting for connection...
Client requested: /img/banner.png
----------------------------------------
----------------------------------------
Waiting for connection...
Client requested: /index
----------------------------------------
----------------------------------------
Waiting for connection...
Client requested: /css/main.css
----------------------------------------
----------------------------------------
Waiting for connection...
Client requested: /js/main.js
----------------------------------------
----------------------------------------
Waiting for connection...
Client requested: /img/category_livingroom.png
----------------------------------------
----------------------------------------
Waiting for connection...
Client requested: /img/favicon.ico
----------------------------------------
----------------------------------------
Waiting for connection...
Client requested: /img/banner.png
----------------------------------------
----------------------------------------
Waiting for connection...
Client requested: /img/category_bedroom.png
----------------------------------------
----------------------------------------
Waiting for connection...
Client requested: /img/category_kitchen.png
----------------------------------------
----------------------------------------
Waiting for connection...
Client requested: /index
----------------------------------------
----------------------------------------
Waiting for connection...
Client requested: /css/main.css
----------------------------------------
----------------------------------------
Waiting for connection...
Client requested: /js/main.js
----------------------------------------
----------------------------------------
Waiting for connection...
Client requested: /img/category_livingroom.png
----------------------------------------
----------------------------------------
Waiting for connection...
Client requested: /img/category_bedroom.png
----------------------------------------
----------------------------------------
Waiting for connection...
Client requested: /img/category_kitchen.png
----------------------------------------
----------------------------------------
Waiting for connection...
Client requested: /img/favicon.ico
----------------------------------------
----------------------------------------
Waiting for connection...
Client requested: /img/banner.png
----------------------------------------
----------------------------------------
Waiting for connection...
Client requested: /index
----------------------------------------
----------------------------------------
Waiting for connection...
Client requested: /css/main.css
----------------------------------------
----------------------------------------
Waiting for connection...
Client requested: /img/category_kitchen.png
----------------------------------------
----------------------------------------
Waiting for connection...
Client requested: /img/category_bedroom.png
----------------------------------------
----------------------------------------
Waiting for connection...
Client requested: /img/category_livingroom.png
----------------------------------------
----------------------------------------
Waiting for connection...
Client requested: /js/main.js
----------------------------------------
----------------------------------------
Waiting for connection...
Client requested: /img/favicon.ico
----------------------------------------
----------------------------------------
Waiting for connection...
Client requested: /img/banner.png
----------------------------------------
----------------------------------------
Waiting for connection...
Client requested: /index
----------------------------------------
----------------------------------------
Waiting for connection...
Client requested: /css/main.css
----------------------------------------
----------------------------------------
Waiting for connection...
Client requested: /img/category_bedroom.png
----------------------------------------
----------------------------------------
Waiting for connection...
Client requested: /img/category_livingroom.png
----------------------------------------
----------------------------------------
Waiting for connection...
Client requested: /img/category_kitchen.png
----------------------------------------
----------------------------------------
Waiting for connection...
Client requested: /js/main.js
----------------------------------------
----------------------------------------
Waiting for connection...
Client requested: /img/favicon.ico
----------------------------------------
----------------------------------------
Waiting for connection...
Client requested: /img/banner.png
----------------------------------------
----------------------------------------
Waiting for connection...
Client requested: /index
----------------------------------------
----------------------------------------
Waiting for connection...
Client requested: /css/main.css
----------------------------------------
----------------------------------------
Waiting for connection...
Client requested: /img/category_bedroom.png
----------------------------------------
----------------------------------------
Waiting for connection...
Client requested: /img/category_livingroom.png
----------------------------------------
----------------------------------------
Waiting for connection...
Client requested: /img/category_kitchen.png
----------------------------------------
----------------------------------------
Waiting for connection...
Client requested: /js/main.js
----------------------------------------
----------------------------------------
Waiting for connection...
Client requested: /img/favicon.ico
----------------------------------------
----------------------------------------
Waiting for connection...
Client requested: /img/banner.png
----------------------------------------
----------------------------------------
Waiting for connection...
Client requested: /index
----------------------------------------
----------------------------------------
Waiting for connection...
Client requested: /index
----------------------------------------
----------------------------------------
Waiting for connection...
Client requested: /index
